<?xml version = "1.0" encoding = "UTF-8"?>
<!DOCTYPE suite SYSTEM "http://testng.org/testng-1.0.dtd" >

<suite name="My Test Suite">
    <test name="Android-Basic-Interactions-Test">
        <parameter name="deviceDescriptorFileName" value="29-0-pixel_3xl" />
        <classes>
            <class name="org.fis.framework.AndroidBasicInteractionsTest"/>
        </classes>
    </test>
</suite>